INFO:main:
INFO:main:Бенчмарк алгоритмов поиска простых чисел
INFO:main:- Решето Эратосфена
INFO:main:- Решето Аткина
INFO:main:- Оптимизированное решето Эратосфена
INFO:benchmark:
INFO:benchmark:Бенчмарк малых диапазонов
INFO:benchmark:
INFO:benchmark:n          | Эратосфен       | Аткин           | Оптимизир.      | Лучший      
INFO:benchmark:-----------------------------------------------------------------------------------
INFO:benchmark:100        | 0.01113      мс | 0.03048      мс | 0.005690     мс | Оптимизир.
INFO:benchmark:500        | 0.03032      мс | 0.09650      мс | 0.014040     мс | Оптимизир.
INFO:benchmark:1000       | 0.08422      мс | 0.19552      мс | 0.029530     мс | Оптимизир.
INFO:benchmark:2000       | 0.12405      мс | 0.38658      мс | 0.058080     мс | Оптимизир.
INFO:benchmark:5000       | 0.32614      мс | 0.98159      мс | 0.145670     мс | Оптимизир.
INFO:benchmark:10000      | 0.70286      мс | 2.01177      мс | 0.296790     мс | Оптимизир.
INFO:benchmark:
INFO:benchmark:Бенчмарк больших диапазонов
INFO:benchmark:
INFO:benchmark:n          | Эратосфен       | Аткин           | Оптимизир.      | Лучший      
INFO:benchmark:--------------------------------------------------------------------------------------------
INFO:benchmark:10000      | 0.638780     мс | 1.98108     мс | 0.296140      мс | Оптимизир. (+53.6%)
INFO:benchmark:50000      | 3.373680     мс | 9.87818     мс | 1.505140      мс | Оптимизир. (+55.4%)
INFO:benchmark:100000     | 6.915900     мс | 20.50710    мс | 3.106260      мс | Оптимизир. (+55.1%)
INFO:benchmark:200000     | 14.395260    мс | 41.60568    мс | 6.388340      мс | Оптимизир. (+55.6%)
INFO:benchmark:500000     | 36.771740    мс | 110.78356   мс | 15.941500     мс | Оптимизир. (+56.6%)
INFO:benchmark:1000000    | 74.064180    мс | 208.63364   мс | 31.376340     мс | Оптимизир. (+57.6%)
INFO:benchmark:2000000    | 151.235980   мс | 445.98912   мс | 66.420280     мс | Оптимизир. (+56.1%)
INFO:benchmark:5000000    | 388.333500   мс | 1120.89437  мс | 174.140733    мс | Оптимизир. (+55.2%)
INFO:benchmark:10000000   | 808.535733   мс | 2296.83123  мс | 340.947067    мс | Оптимизир. (+57.8%)
INFO:main:
INFO:main:Создание графиков
INFO:plotting:✓ График времени: small_range.png
INFO:plotting:✓ График времени: large_range.png
INFO:plotting:✓ График соотношения: ratio_small.png
INFO:plotting:✓ График соотношения: ratio_large.png
INFO:main:
INFO:main:Все графики успешно созданы!
INFO:main:
Результаты на больших числах (10,000-10,000,000):
INFO:main:   - Классический Эратосфен: 0 побед
INFO:main:   - Аткин:               0 побед
INFO:main:   - Оптимизированный:       9 побед
INFO:main:
На максимальном n=10000000:
INFO:main:   - Классический:     808.54 мс (базис)
INFO:main:   - Аткин:         2296.83 мс (2.84x)
INFO:main:   - Оптимизированный: 340.95 мс (0.42x)
INFO:main: Победитель: Оптимизированный Эратосфен (быстрее на 57.8%)
